[debug] [2026-05-26T17:39:44.779Z] ----------------------------------------------------------------------
[debug] [2026-05-26T17:39:44.780Z] Command:       /usr/local/bin/node /Users/johnathand.yorkpmp/.npm/_npx/ba4f1959e38407b5/node_modules/.bin/firebase projects:create york-resume-143-ai --display-name York Resume
[debug] [2026-05-26T17:39:44.781Z] CLI Version:   15.18.0
[debug] [2026-05-26T17:39:44.781Z] Platform:      darwin
[debug] [2026-05-26T17:39:44.781Z] Node Version:  v24.15.0
[debug] [2026-05-26T17:39:44.781Z] Time:          Tue May 26 2026 13:39:44 GMT-0400 (Eastern Daylight Time)
[debug] [2026-05-26T17:39:44.781Z] ----------------------------------------------------------------------
[debug] 
[debug] [2026-05-26T17:39:44.783Z] > command requires scopes: ["email","openid","https://www.googleapis.com/auth/cloudplatformprojects.readonly","https://www.googleapis.com/auth/firebase","https://www.googleapis.com/auth/cloud-platform"]
[debug] [2026-05-26T17:39:44.783Z] > authorizing via signed-in user (jyork143@gmail.com)
[debug] [2026-05-26T17:39:44.784Z] Checked if tokens are valid: true, expires at: 1779820776346
[debug] [2026-05-26T17:39:44.784Z] Checked if tokens are valid: true, expires at: 1779820776346
[debug] [2026-05-26T17:39:44.785Z] >>> [apiv2][query] POST https://cloudresourcemanager.googleapis.com/v1/projects [none]
[debug] [2026-05-26T17:39:44.785Z] >>> [apiv2][body] POST https://cloudresourcemanager.googleapis.com/v1/projects {"projectId":"york-resume-143-ai","name":"York Resume"}
[debug] [2026-05-26T17:39:45.009Z] <<< [apiv2][status] POST https://cloudresourcemanager.googleapis.com/v1/projects 200
[debug] [2026-05-26T17:39:45.009Z] <<< [apiv2][body] POST https://cloudresourcemanager.googleapis.com/v1/projects {"name":"operations/create_project.global.8206022731468887469"}
[debug] [2026-05-26T17:39:45.010Z] Checked if tokens are valid: true, expires at: 1779820776346
[debug] [2026-05-26T17:39:45.010Z] Checked if tokens are valid: true, expires at: 1779820776346
[debug] [2026-05-26T17:39:45.010Z] >>> [apiv2][query] GET https://cloudresourcemanager.googleapis.com/v1/operations/create_project.global.8206022731468887469 [none]
[debug] [2026-05-26T17:39:45.220Z] <<< [apiv2][status] GET https://cloudresourcemanager.googleapis.com/v1/operations/create_project.global.8206022731468887469 200
[debug] [2026-05-26T17:39:45.221Z] <<< [apiv2][body] GET https://cloudresourcemanager.googleapis.com/v1/operations/create_project.global.8206022731468887469 {"name":"operations/create_project.global.8206022731468887469"}
[debug] [2026-05-26T17:39:45.722Z] [Project Creation Poller] Retrying task index 0
[debug] [2026-05-26T17:39:45.722Z] Checked if tokens are valid: true, expires at: 1779820776346
[debug] [2026-05-26T17:39:45.723Z] Checked if tokens are valid: true, expires at: 1779820776346
[debug] [2026-05-26T17:39:45.723Z] >>> [apiv2][query] GET https://cloudresourcemanager.googleapis.com/v1/operations/create_project.global.8206022731468887469 [none]
[debug] [2026-05-26T17:39:45.839Z] <<< [apiv2][status] GET https://cloudresourcemanager.googleapis.com/v1/operations/create_project.global.8206022731468887469 200
[debug] [2026-05-26T17:39:45.839Z] <<< [apiv2][body] GET https://cloudresourcemanager.googleapis.com/v1/operations/create_project.global.8206022731468887469 {"name":"operations/create_project.global.8206022731468887469"}
[debug] [2026-05-26T17:39:46.841Z] [Project Creation Poller] Retrying task index 0
[debug] [2026-05-26T17:39:46.841Z] Checked if tokens are valid: true, expires at: 1779820776346
[debug] [2026-05-26T17:39:46.841Z] Checked if tokens are valid: true, expires at: 1779820776346
[debug] [2026-05-26T17:39:46.841Z] >>> [apiv2][query] GET https://cloudresourcemanager.googleapis.com/v1/operations/create_project.global.8206022731468887469 [none]
[debug] [2026-05-26T17:39:46.931Z] <<< [apiv2][status] GET https://cloudresourcemanager.googleapis.com/v1/operations/create_project.global.8206022731468887469 200
[debug] [2026-05-26T17:39:46.932Z] <<< [apiv2][body] GET https://cloudresourcemanager.googleapis.com/v1/operations/create_project.global.8206022731468887469 {"name":"operations/create_project.global.8206022731468887469","metadata":{"@type":"type.googleapis.com/google.cloudresourcemanager.v1.ProjectCreationStatus","gettable":true,"ready":true},"done":true,"response":{"@type":"type.googleapis.com/google.cloudresourcemanager.v1.Project","projectNumber":"375790426193","projectId":"york-resume-143-ai","lifecycleState":"ACTIVE","name":"York Resume","createTime":"2026-05-26T17:39:45.008Z"}}
[debug] [2026-05-26T17:39:46.932Z] Checked if tokens are valid: true, expires at: 1779820776346
[debug] [2026-05-26T17:39:46.932Z] Checked if tokens are valid: true, expires at: 1779820776346
[debug] [2026-05-26T17:39:46.932Z] >>> [apiv2][query] POST https://firebase.googleapis.com/v1beta1/projects/york-resume-143-ai:addFirebase [none]
[debug] [2026-05-26T17:39:47.633Z] <<< [apiv2][status] POST https://firebase.googleapis.com/v1beta1/projects/york-resume-143-ai:addFirebase 403
[debug] [2026-05-26T17:39:47.633Z] <<< [apiv2][body] POST https://firebase.googleapis.com/v1beta1/projects/york-resume-143-ai:addFirebase {"error":{"code":403,"message":"The caller does not have permission","status":"PERMISSION_DENIED"}}
[debug] [2026-05-26T17:39:47.635Z] Request to https://firebase.googleapis.com/v1beta1/projects/york-resume-143-ai:addFirebase had HTTP Error: 403, The caller does not have permission
[debug] [2026-05-26T17:39:47.899Z] FirebaseError: Request to https://firebase.googleapis.com/v1beta1/projects/york-resume-143-ai:addFirebase had HTTP Error: 403, The caller does not have permission
    at responseToError (/Users/johnathand.yorkpmp/.npm/_npx/ba4f1959e38407b5/node_modules/firebase-tools/lib/responseToError.js:53:12)
    at RetryOperation._fn (/Users/johnathand.yorkpmp/.npm/_npx/ba4f1959e38407b5/node_modules/firebase-tools/lib/apiv2.js:333:77)
    at process.processTicksAndRejections (node:internal/process/task_queues:104:5)
[error] 
[error] Error: Failed to add Firebase to Google Cloud Platform project. See firebase-debug.log for more info.
